[09/Apr/2020:08:34:23] (ℹ️): WordPress Instance Info:
[09/Apr/2020:08:34:23] (ℹ️): Home URL : https://www.txtdb.com
[09/Apr/2020:08:34:23] (ℹ️): Site URL : https://www.txtdb.com
[09/Apr/2020:08:34:23] (ℹ️): WordPress Version : 5.3.2
[09/Apr/2020:08:34:23] (ℹ️): Onboarding Version : 1.7.12
[09/Apr/2020:08:34:23] (ℹ️): Multisite : No
[09/Apr/2020:08:34:23] (ℹ️): Server Info : Apache
[09/Apr/2020:08:34:23] (ℹ️): PHP Version : 7.1.33
[09/Apr/2020:08:34:23] (ℹ️): HTTPS : Yes
[09/Apr/2020:08:34:23] (ℹ️): PHP Max Execution Time : 30
[09/Apr/2020:08:34:23] (ℹ️): PHP Max Input Vars : 1000
[09/Apr/2020:08:34:23] (ℹ️): Max Upload Size : 2097152000
[09/Apr/2020:08:34:23] (ℹ️): Plugins:
[09/Apr/2020:08:34:23] (ℹ️): [PLUGIN] Accelerated Mobile Pages : v1.0.37 (Ahmed Kaludi, Mohammed Kaludi)
[09/Apr/2020:08:34:23] (ℹ️): [PLUGIN] Captcha by BestWebSoft : v5.0.7 (BestWebSoft)
[09/Apr/2020:08:34:23] (ℹ️): [PLUGIN] Code Snippets : v2.14.0 (Code Snippets Pro)
[09/Apr/2020:08:34:23] (ℹ️): [PLUGIN] Contact Form 7 : v5.1.7 (Takayuki Miyoshi)
[09/Apr/2020:08:34:23] (ℹ️): [PLUGIN] DW Notifications : v1.0.4 (DesignWall)
[09/Apr/2020:08:34:23] (ℹ️): [PLUGIN] DW Question Answer Pro : v1.2.4 (DesignWall)
[09/Apr/2020:08:34:23] (ℹ️): [PLUGIN] DWQA Assign Ticket : v1.0.2 (DesignWall)
[09/Apr/2020:08:34:23] (ℹ️): [PLUGIN] Elementor : v2.8.2 (Elementor.com)
[09/Apr/2020:08:34:23] (ℹ️): [PLUGIN] Elementor Extras : v2.2.24 (Namogo)
[09/Apr/2020:08:34:23] (ℹ️): [PLUGIN] Elementor Pro : v2.8.1 (Elementor.com)
[09/Apr/2020:08:34:23] (ℹ️): [PLUGIN] Head, Footer and Post Injections : v3.1.6 (Stefano Lissa)
[09/Apr/2020:08:34:23] (ℹ️): [PLUGIN] Really Simple SSL pro : v2.1.14 (Rogier Lankhorst)
[09/Apr/2020:08:34:23] (ℹ️): [PLUGIN] Really Simple SSL : v3.3 (Rogier Lankhorst, Mark Wolters)
[09/Apr/2020:08:34:23] (ℹ️): [PLUGIN] Register Plus Redux : v4.2.4 (radiok, Tanay Lakhani)
[09/Apr/2020:08:34:23] (ℹ️): [PLUGIN] SiteOrigin CSS : v1.2.5 (SiteOrigin)
[09/Apr/2020:08:34:23] (ℹ️): [PLUGIN] The Plus Addons for Elementor Page Builder : v3.1.0 (POSIMYTH Themes)
[09/Apr/2020:08:34:23] (ℹ️): [PLUGIN] UpdraftPlus-备份/恢复 : v2.16.18.24 (UpdraftPlus.Com，大卫·安德森)
[09/Apr/2020:08:34:23] (ℹ️): [PLUGIN] Wordfence Security : v7.4.2 (Wordfence)
[09/Apr/2020:08:34:23] (ℹ️): [PLUGIN] Yoast SEO Premium : v12.7 (Yoast团队)
[09/Apr/2020:08:34:23] (ℹ️): [PLUGIN] WP Fastest Cache Premium : v1.5.7 (Emre Vona)
[09/Apr/2020:08:34:23] (ℹ️): [PLUGIN] WP Fastest Cache : v0.9.0.4 (Emre Vona)
[09/Apr/2020:08:34:23] (ℹ️): [PLUGIN] WP Mail SMTP : v1.9.0 (WPForms)
[09/Apr/2020:08:34:23] (ℹ️): [PLUGIN] Smush Pro : v3.6.0 (WPMU DEV)
[09/Apr/2020:08:34:23] (ℹ️): [PLUGIN] WP Statistics : v12.6.12 (VeronaLabs)
